2025-11-22T06:46:23.555Z [url] info: [r]: /api/paramsCompany/get [ci]: demoPecarColor_JlY5D [u]: quest [ref]: https://rhy.thm.su/demoPecarColor_JlY5D/dashboard/prodazhi
2025-11-22T07:48:24.116Z [url] info: [r]: /api/user/getAuth  [u]: quest [ref]: https://rhy.thm.su/jOiXJDIY0nJeiIuBMtI4/dashboard/7-administrativnoe
2025-11-22T07:48:24.856Z [url] info: [r]: /api/paramsCompany/get [ci]: jOiXJDIY0nJeiIuBMtI4 [u]: quest [ref]: https://rhy.thm.su/jOiXJDIY0nJeiIuBMtI4/dashboard/7-administrativnoe
2025-11-22T07:48:26.616Z [url] info: [r]: /api/dashboard/bunch/get [ci]: jOiXJDIY0nJeiIuBMtI4 [u]: quest [ref]: https://rhy.thm.su/jOiXJDIY0nJeiIuBMtI4/dashboard/7-administrativnoe
2025-11-22T07:48:26.617Z [url] info: [r]: /api/getData [ci]: jOiXJDIY0nJeiIuBMtI4 [u]: quest [ref]: https://rhy.thm.su/jOiXJDIY0nJeiIuBMtI4/dashboard/7-administrativnoe
2025-11-24T07:05:19.704Z [url] info: [r]: /api/templates/getBunchesUpdated  [u]: quest [ref]: https://rhy.thm.su/jOiXJDIY0nJeiIuBMtI4/dashboard/1napravlenieipersonal
2025-11-24T07:05:24.542Z [url] info: [r]: /api/getData [ci]: jOiXJDIY0nJeiIuBMtI4 [u]: quest [ref]: https://rhy.thm.su/jOiXJDIY0nJeiIuBMtI4/dashboard/1napravlenieipersonal
2025-11-25T10:51:05.156Z [url] info: [r]: /api/user/getAuth  [u]: quest [ref]: https://rhy.thm.su/jOiXJDIY0nJeiIuBMtI4/dashboard/7-administrativnoe
2025-11-25T10:51:05.311Z [url] info: [r]: /api/paramsCompany/get [ci]: jOiXJDIY0nJeiIuBMtI4 [u]: quest [ref]: https://rhy.thm.su/jOiXJDIY0nJeiIuBMtI4/dashboard/7-administrativnoe
2025-11-25T10:51:06.434Z [url] info: [r]: /api/dashboard/bunch/get [ci]: jOiXJDIY0nJeiIuBMtI4 [u]: quest [ref]: https://rhy.thm.su/jOiXJDIY0nJeiIuBMtI4/dashboard/7-administrativnoe
2025-11-27T14:06:27.897Z [url] info: [r]: /api/templates/getBunchesUpdated  [u]: quest [ref]: https://rhy.thm.su/jOiXJDIY0nJeiIuBMtI4/dashboard/1napravlenieipersonal
2025-11-27T14:06:29.549Z [url] info: [r]: /api/getData [ci]: jOiXJDIY0nJeiIuBMtI4 [u]: quest [ref]: https://rhy.thm.su/jOiXJDIY0nJeiIuBMtI4/dashboard/1napravlenieipersonal
2025-11-27T14:18:35.139Z [url] info: [r]: /api/getData [ci]: jOiXJDIY0nJeiIuBMtI4 [u]: quest [ref]: https://rhy.thm.su/jOiXJDIY0nJeiIuBMtI4/dashboard/4proizvodstvennoe
2025-11-27T14:23:24.292Z [url] info: [r]: /api/dashboard/view/update [ci]: jOiXJDIY0nJeiIuBMtI4 [u]: quest [ref]: https://rhy.thm.su/jOiXJDIY0nJeiIuBMtI4/dashboard/2rasprostranenie
2025-11-27T14:23:42.713Z [url] info: [r]: /api/dashboard/view/update [ci]: jOiXJDIY0nJeiIuBMtI4 [u]: quest [ref]: https://rhy.thm.su/jOiXJDIY0nJeiIuBMtI4/dashboard/2rasprostranenie
2025-11-27T14:23:55.414Z [url] info: [r]: /api/auth/login/byEmail  [u]: quest [ref]: https://rhy.thm.su/login
2025-11-27T16:50:20.407Z [url] info: [r]: /api/user/getAuth  [u]: quest [ref]: https://rhy.thm.su/jOiXJDIY0nJeiIuBMtI4/dashboard
2025-11-27T16:50:20.630Z [url] info: [r]: /api/paramsCompany/get [ci]: jOiXJDIY0nJeiIuBMtI4 [u]: quest [ref]: https://rhy.thm.su/jOiXJDIY0nJeiIuBMtI4/dashboard
2025-11-27T16:50:21.838Z [url] info: [r]: /api/dashboard/bunch/get [ci]: jOiXJDIY0nJeiIuBMtI4 [u]: quest [ref]: https://rhy.thm.su/jOiXJDIY0nJeiIuBMtI4/dashboard
2025-11-27T16:50:38.848Z [url] info: [r]: /api/getData [ci]: jOiXJDIY0nJeiIuBMtI4 [u]: quest [ref]: https://rhy.thm.su/jOiXJDIY0nJeiIuBMtI4/dashboard/2rasprostranenie
2025-11-27T19:32:19.850Z [url] info: [r]: /api/user/getAuth  [u]: quest [ref]: https://rhy.thm.su/demo
2025-11-27T19:34:00.601Z [url] info: [r]: /api/user/getAuth  [u]: quest [ref]: https://rhy.thm.su/demo
2025-11-28T06:19:08.839Z [url] info: [r]: /api/auth/login/byEmail  [u]: quest [ref]: https://rhy.thm.su/login
